[SETTINGS] {
  "date": "2019/10/09 18:32:35",
  "date_iso": "2019-10-09T18:32:35.786928",
  "params": null,
  "system": {
    "nodename": "frost",
    "machine": "x86_64",
    "platform": "Linux-4.4.0-165-generic-x86_64-with-debian-stretch-sid",
    "processor": "x86_64",
    "version": "#193-Ubuntu SMP Tue Sep 17 17:42:52 UTC 2019",
    "system": "Linux",
    "cpu_count": 8,
    "cpu_times": {
      "user": 7572.16,
      "system": 3290.45,
      "idle": 238073.64,
      "nice": 22.62
    },
    "cpu_percent": 22.2,
    "virtual_memory": {
      "total": 33618337792,
      "available": 27382902784,
      "percent": 18.5,
      "used": 4886491136,
      "free": 22740021248
    }
  },
  "process": {
    "username": "elia",
    "cwd": "/cw/dtailocal/repos/aaai20/cli",
    "create_time": 1570638755.15,
    "cpu_times": {
      "user": 0.4,
      "system": 0.03
    }
  },
  "logfile": "/cw/dtailocal/repos/aaai20/out/fit_mercs/demofit/logs/0001-plants-mi.csv",
  "max_time": 3600.0,
  "command": "python /cw/dtailocal/repos/aaai20/cli/fit/fit_mercs.py --config_fname /cw/dtailocal/repos/aaai20/out/fit_mercs/demofit/config/0001-plants-mi.json"
}
[INFO] cmd:python /cw/dtailocal/repos/aaai20/cli/fit/fit_mercs.py --config_fname /cw/dtailocal/repos/aaai20/out/fit_mercs/demofit/config/0001-plants-mi.json; cwd:None
[INFO] Start: Run process
[INFO] Write log to /cw/dtailocal/repos/aaai20/out/fit_mercs/demofit/logs/0001-plants-mi.csv.running.log
[INFO] Process ended (returncode 0)
[INFO] Finished: Run process 6.209 seconds
[WARNING] Exit:finished; Returncode:0; Time:6.20864
