[SETTINGS] {
  "date": "2019/10/09 20:36:48",
  "date_iso": "2019-10-09T20:36:48.354424",
  "params": null,
  "system": {
    "nodename": "frost",
    "machine": "x86_64",
    "platform": "Linux-4.4.0-165-generic-x86_64-with-debian-stretch-sid",
    "processor": "x86_64",
    "version": "#193-Ubuntu SMP Tue Sep 17 17:42:52 UTC 2019",
    "system": "Linux",
    "cpu_count": 8,
    "cpu_times": {
      "user": 9931.69,
      "system": 4460.52,
      "idle": 293716.19,
      "nice": 24.88
    },
    "cpu_percent": 33.3,
    "virtual_memory": {
      "total": 33618337792,
      "available": 27042267136,
      "percent": 19.6,
      "used": 5167976448,
      "free": 20805570560
    }
  },
  "process": {
    "username": "elia",
    "cwd": "/cw/dtailocal/repos/aaai20/cli",
    "create_time": 1570646207.73,
    "cpu_times": {
      "user": 0.37,
      "system": 0.05
    }
  },
  "logfile": "/cw/dtailocal/repos/aaai20/out/fit_pxs/demofitpxs/logs/0001-plants.csv",
  "max_time": 3600.0,
  "command": "python /cw/dtailocal/repos/aaai20/cli/fit/fit_pxs.py --config_fname /cw/dtailocal/repos/aaai20/out/fit_pxs/demofitpxs/config/0001-plants.json"
}
[INFO] cmd:python /cw/dtailocal/repos/aaai20/cli/fit/fit_pxs.py --config_fname /cw/dtailocal/repos/aaai20/out/fit_pxs/demofitpxs/config/0001-plants.json; cwd:None
[INFO] Start: Run process
[INFO] Write log to /cw/dtailocal/repos/aaai20/out/fit_pxs/demofitpxs/logs/0001-plants.csv.running.log
[INFO] Process ended (returncode 0)
[INFO] Finished: Run process 32.844 seconds
[WARNING] Exit:finished; Returncode:0; Time:32.84394
