[SETTINGS] {
  "date": "2019/10/08 14:03:02",
  "date_iso": "2019-10-08T14:03:02.848426",
  "params": null,
  "system": {
    "nodename": "frost",
    "machine": "x86_64",
    "platform": "Linux-4.4.0-165-generic-x86_64-with-debian-stretch-sid",
    "processor": "x86_64",
    "version": "#193-Ubuntu SMP Tue Sep 17 17:42:52 UTC 2019",
    "system": "Linux",
    "cpu_count": 8,
    "cpu_times": {
      "user": 41319.43,
      "system": 10659.93,
      "idle": 752894.97,
      "nice": 59.48
    },
    "cpu_percent": 20.7,
    "virtual_memory": {
      "total": 33618337792,
      "available": 25608704000,
      "percent": 23.8,
      "used": 6573502464,
      "free": 18224910336
    }
  },
  "process": {
    "username": "elia",
    "cwd": "/cw/dtailocal/repos/aaai20/note/experiments",
    "create_time": 1570535673.5,
    "cpu_times": {
      "user": 3.18,
      "system": 1.49
    }
  },
  "logfile": "/cw/dtailocal/repos/aaai20/note/experiments/139780263859872_PxS_log_predict_Q0002",
  "max_time": 7200.0,
  "command": "./backend/predict -c /cw/dtailocal/repos/aaai20/note/experiments/139780263859872_config_predict.json_Q0002"
}
[INFO] cmd:./backend/predict -c /cw/dtailocal/repos/aaai20/note/experiments/139780263859872_config_predict.json_Q0002; cwd:/cw/dtailocal/repos/PxS/src/pxs
[INFO] Start: Run process
[INFO] Write log to /cw/dtailocal/repos/aaai20/note/experiments/139780263859872_PxS_log_predict_Q0002.running.log
Configfile: '/cw/dtailocal/repos/aaai20/note/experiments/139780263859872_config_predict.json_Q0002'
BN Algo: 8
[INFO] Finished: Run process 1.933 seconds
[INFO] Kill process (keyboard)
[WARNING] Exit:keyboard; Returncode:999; Time:0
